<?xml version="1.0" encoding="UTF-8"?>
<!-- Generated by org.testng.reporters.JUnitReportReporter -->
<testsuite hostname="wenjuns-MacBook-Pro.local" name="testngFiles.DependenyAnnot" tests="3" failures="0" timestamp="25 Oct 2016 21:34:16 GMT" time="0.004" errors="0">
  <testcase name="Timerelated" time="0.001" classname="testngFiles.DependenyAnnot"/>
  <testcase name="OpeningBrowser" time="0.000" classname="testngFiles.DependenyAnnot"/>
  <testcase name="FlightBooking" time="0.003" classname="testngFiles.DependenyAnnot"/>
</testsuite>
