<?xml version="1.0" encoding="UTF-8"?>
<!-- Generated by org.testng.reporters.JUnitReportReporter -->
<testsuite hostname="wenjuns-MacBook-Pro.local" name="packTwo.DependenyAnnot" tests="3" failures="0" timestamp="25 Oct 2016 21:33:56 GMT" time="0.012" errors="0">
  <testcase name="FlightBooking" time="0.000" classname="packTwo.DependenyAnnot"/>
  <testcase name="OpeningBrowser" time="0.001" classname="packTwo.DependenyAnnot"/>
  <testcase name="Timerelated" time="0.011" classname="packTwo.DependenyAnnot"/>
</testsuite>
